<?xml version="1.0" encoding="UTF-8"?>
<!-- Generated by org.testng.reporters.JUnitReportReporter -->
<testsuite skipped="0" hostname="WL355509" name="Runner.TestRunner" tests="1" failures="0" timestamp="2 Jun 2020 07:16:02 GMT" time="40.155" errors="0">
  <testcase name="feature" time="40.155" classname="Runner.TestRunner"/>
</testsuite> <!-- Runner.TestRunner -->
